<?xml version="1.0" encoding="UTF-8"?>
<TestRun id="eb6fbd81-854c-4126-aaa6-88bfe47daffb" name="sgbier@IWS-W7HYBOJZRNW 2017-08-10 12:13:10" runUser="INTERNAL\sgbier" xmlns="http://microsoft.com/schemas/VisualStudio/TeamTest/2010">
  <TestSettings name="Local" id="4020f19f-e6bb-483b-9794-4586090393e2">
    <Description>These are default test settings for a local test run.</Description>
    <Deployment enabled="false" runDeploymentRoot="sgbier_IWS-W7HYBOJZRNW 2017-08-10 12_13_10">
      <DeploymentItem filename="C:\dotNet\Monopoly\Monopoly\Monopoly\bin\Debug\Monopoly.exe" />
    </Deployment>
    <Execution>
      <TestTypeSpecific />
      <AgentRule name="Execution Agents">
      </AgentRule>
    </Execution>
  </TestSettings>
  <Times creation="2017-08-10T12:13:10.1970826-04:00" queuing="2017-08-10T12:13:10.2510880-04:00" start="2017-08-10T12:13:10.2560885-04:00" finish="2017-08-10T12:13:10.4971126-04:00" />
  <ResultSummary outcome="Failed">
    <Counters total="1" executed="1" error="0" failed="1" timeout="0" aborted="0" inconclusive="0" passedButRunAborted="0" notRunnable="0" notExecuted="0" disconnected="0" warning="0" passed="0" completed="0" inProgress="0" pending="0" />
  </ResultSummary>
  <TestDefinitions>
    <UnitTest name="LandingOnIncomeTaxTest1" storage="c:\dotnet\monopoly\monopoly\monopolytest\bin\debug\monopolytest.dll" id="2b70e3fc-d96f-eaae-233e-3f30a4efc600">
      <Execution id="bc22ffaf-1ea0-47bd-b3cc-6c8f574bdc35" />
      <TestMethod codeBase="C:/dotNet/Monopoly/Monopoly/MonopolyTest/bin/Debug/MonopolyTest.DLL" adapterTypeName="Microsoft.VisualStudio.TestTools.TestTypes.Unit.UnitTestAdapter, Microsoft.VisualStudio.QualityTools.Tips.UnitTest.Adapter, Version=10.0.0.0, Culture=neutral, PublicKeyToken=b03f5f7f11d50a3a" className="MonopolyTest.LandingOnIncomeTaxTest, MonopolyTest, Version=1.0.0.0, Culture=neutral, PublicKeyToken=null" name="LandingOnIncomeTaxTest1" />
    </UnitTest>
  </TestDefinitions>
  <TestLists>
    <TestList name="Results Not in a List" id="8c84fa94-04c1-424b-9868-57a2d4851a1d" />
    <TestList name="All Loaded Results" id="19431567-8539-422a-85d7-44ee4e166bda" />
  </TestLists>
  <TestEntries>
    <TestEntry testId="2b70e3fc-d96f-eaae-233e-3f30a4efc600" executionId="bc22ffaf-1ea0-47bd-b3cc-6c8f574bdc35" testListId="8c84fa94-04c1-424b-9868-57a2d4851a1d" />
  </TestEntries>
  <Results>
    <UnitTestResult executionId="bc22ffaf-1ea0-47bd-b3cc-6c8f574bdc35" testId="2b70e3fc-d96f-eaae-233e-3f30a4efc600" testName="LandingOnIncomeTaxTest1" computerName="IWS-W7HYBOJZRNW" duration="00:00:00.0257090" startTime="2017-08-10T12:13:10.2620891-04:00" endTime="2017-08-10T12:13:10.4811110-04:00" testType="13cdc9d9-ddb5-4fa4-a97d-d965ccfc6d4b" outcome="Failed" testListId="8c84fa94-04c1-424b-9868-57a2d4851a1d" relativeResultsDirectory="bc22ffaf-1ea0-47bd-b3cc-6c8f574bdc35">
      <Output>
        <ErrorInfo>
          <Message>Assert.AreEqual failed. Expected:&lt;1620&gt;. Actual:&lt;0&gt;. Player's balance did not decrease correctly when landing on Income Tax.</Message>
          <StackTrace>   at MonopolyTest.LandingOnIncomeTaxTest.LandingOnIncomeTaxTest1() in C:\dotNet\Monopoly\Monopoly\MonopolyTest\LandingOnIncomeTaxTest.cs:line 26
</StackTrace>
        </ErrorInfo>
      </Output>
    </UnitTestResult>
  </Results>
</TestRun>