<?xml version="1.0" encoding="UTF-8"?>
<TestRun id="6f17dad0-c53b-42e7-8713-b7ec80e790b2" name="sgbier@IWS-W7HYBOJZRNW 2017-08-10 12:22:18" runUser="INTERNAL\sgbier" xmlns="http://microsoft.com/schemas/VisualStudio/TeamTest/2010">
  <TestSettings name="Local" id="4020f19f-e6bb-483b-9794-4586090393e2">
    <Description>These are default test settings for a local test run.</Description>
    <Deployment enabled="false" runDeploymentRoot="sgbier_IWS-W7HYBOJZRNW 2017-08-10 12_22_18">
      <DeploymentItem filename="C:\dotNet\Monopoly\Monopoly\Monopoly\bin\Debug\Monopoly.exe" />
    </Deployment>
    <Execution>
      <TestTypeSpecific />
      <AgentRule name="Execution Agents">
      </AgentRule>
    </Execution>
  </TestSettings>
  <Times creation="2017-08-10T12:22:18.0408615-04:00" queuing="2017-08-10T12:22:18.0978672-04:00" start="2017-08-10T12:22:18.1048679-04:00" finish="2017-08-10T12:22:18.3308905-04:00" />
  <ResultSummary outcome="Completed">
    <Counters total="1" executed="1" passed="1" error="0" failed="0" timeout="0" aborted="0" inconclusive="0" passedButRunAborted="0" notRunnable="0" notExecuted="0" disconnected="0" warning="0" completed="0" inProgress="0" pending="0" />
  </ResultSummary>
  <TestDefinitions>
    <UnitTest name="LandingOnLuxuryTaxTest1" storage="c:\dotnet\monopoly\monopoly\monopolytest\bin\debug\monopolytest.dll" id="da9d1018-864e-dc7e-41cb-e448c57acf00">
      <Execution id="b4f5438e-f574-4032-ba8d-b1680e86ed35" />
      <TestMethod codeBase="C:/dotNet/Monopoly/Monopoly/MonopolyTest/bin/Debug/MonopolyTest.DLL" adapterTypeName="Microsoft.VisualStudio.TestTools.TestTypes.Unit.UnitTestAdapter, Microsoft.VisualStudio.QualityTools.Tips.UnitTest.Adapter, Version=10.0.0.0, Culture=neutral, PublicKeyToken=b03f5f7f11d50a3a" className="MonopolyTest.LandingOnLuxuryTaxTest, MonopolyTest, Version=1.0.0.0, Culture=neutral, PublicKeyToken=null" name="LandingOnLuxuryTaxTest1" />
    </UnitTest>
  </TestDefinitions>
  <TestLists>
    <TestList name="Results Not in a List" id="8c84fa94-04c1-424b-9868-57a2d4851a1d" />
    <TestList name="All Loaded Results" id="19431567-8539-422a-85d7-44ee4e166bda" />
  </TestLists>
  <TestEntries>
    <TestEntry testId="da9d1018-864e-dc7e-41cb-e448c57acf00" executionId="b4f5438e-f574-4032-ba8d-b1680e86ed35" testListId="8c84fa94-04c1-424b-9868-57a2d4851a1d" />
  </TestEntries>
  <Results>
    <UnitTestResult executionId="b4f5438e-f574-4032-ba8d-b1680e86ed35" testId="da9d1018-864e-dc7e-41cb-e448c57acf00" testName="LandingOnLuxuryTaxTest1" computerName="IWS-W7HYBOJZRNW" duration="00:00:00.0129360" startTime="2017-08-10T12:22:18.1098684-04:00" endTime="2017-08-10T12:22:18.3178892-04:00" testType="13cdc9d9-ddb5-4fa4-a97d-d965ccfc6d4b" outcome="Passed" testListId="8c84fa94-04c1-424b-9868-57a2d4851a1d" relativeResultsDirectory="b4f5438e-f574-4032-ba8d-b1680e86ed35">
    </UnitTestResult>
  </Results>
</TestRun>