<?xml version="1.0" encoding="UTF-8"?>
<TestRun id="1eb76553-968d-4155-96c7-abfe795df8e5" name="sgbier@IWS-W7HYBOJZRNW 2017-08-10 11:51:04" runUser="INTERNAL\sgbier" xmlns="http://microsoft.com/schemas/VisualStudio/TeamTest/2010">
  <TestSettings name="Local" id="4020f19f-e6bb-483b-9794-4586090393e2">
    <Description>These are default test settings for a local test run.</Description>
    <Deployment enabled="false" runDeploymentRoot="sgbier_IWS-W7HYBOJZRNW 2017-08-10 11_51_04">
      <DeploymentItem filename="C:\dotNet\Monopoly\Monopoly\Monopoly\bin\Debug\Monopoly.exe" />
    </Deployment>
    <Execution>
      <TestTypeSpecific />
      <AgentRule name="Execution Agents">
      </AgentRule>
    </Execution>
  </TestSettings>
  <Times creation="2017-08-10T11:51:04.9005662-04:00" queuing="2017-08-10T11:51:04.9535715-04:00" start="2017-08-10T11:51:04.9565718-04:00" finish="2017-08-10T11:51:05.1835945-04:00" />
  <ResultSummary outcome="Completed">
    <Counters total="1" executed="1" passed="1" error="0" failed="0" timeout="0" aborted="0" inconclusive="0" passedButRunAborted="0" notRunnable="0" notExecuted="0" disconnected="0" warning="0" completed="0" inProgress="0" pending="0" />
  </ResultSummary>
  <TestDefinitions>
    <UnitTest name="LandingOnGoToJailTest2" storage="c:\dotnet\monopoly\monopoly\monopolytest\bin\debug\monopolytest.dll" id="9cd4c26f-846d-d4e3-5f7c-79a2e7c188ea">
      <Execution id="ee6ec67d-8c0b-4662-89ed-c6076524626a" />
      <TestMethod codeBase="C:/dotNet/Monopoly/Monopoly/MonopolyTest/bin/Debug/MonopolyTest.DLL" adapterTypeName="Microsoft.VisualStudio.TestTools.TestTypes.Unit.UnitTestAdapter, Microsoft.VisualStudio.QualityTools.Tips.UnitTest.Adapter, Version=10.0.0.0, Culture=neutral, PublicKeyToken=b03f5f7f11d50a3a" className="MonopolyTest.LandingOnGoToJailTest, MonopolyTest, Version=1.0.0.0, Culture=neutral, PublicKeyToken=null" name="LandingOnGoToJailTest2" />
    </UnitTest>
  </TestDefinitions>
  <TestLists>
    <TestList name="Results Not in a List" id="8c84fa94-04c1-424b-9868-57a2d4851a1d" />
    <TestList name="All Loaded Results" id="19431567-8539-422a-85d7-44ee4e166bda" />
  </TestLists>
  <TestEntries>
    <TestEntry testId="9cd4c26f-846d-d4e3-5f7c-79a2e7c188ea" executionId="ee6ec67d-8c0b-4662-89ed-c6076524626a" testListId="8c84fa94-04c1-424b-9868-57a2d4851a1d" />
  </TestEntries>
  <Results>
    <UnitTestResult executionId="ee6ec67d-8c0b-4662-89ed-c6076524626a" testId="9cd4c26f-846d-d4e3-5f7c-79a2e7c188ea" testName="LandingOnGoToJailTest2" computerName="IWS-W7HYBOJZRNW" duration="00:00:00.0131995" startTime="2017-08-10T11:51:04.9635725-04:00" endTime="2017-08-10T11:51:05.1695931-04:00" testType="13cdc9d9-ddb5-4fa4-a97d-d965ccfc6d4b" outcome="Passed" testListId="8c84fa94-04c1-424b-9868-57a2d4851a1d" relativeResultsDirectory="ee6ec67d-8c0b-4662-89ed-c6076524626a">
    </UnitTestResult>
  </Results>
</TestRun>