<?xml version="1.0" encoding="UTF-8"?>
<TestRun id="7b60f350-4c78-4d70-b17c-eb5b561119ae" name="sgbier@IWS-W7HYBOJZRNW 2017-08-10 12:14:33" runUser="INTERNAL\sgbier" xmlns="http://microsoft.com/schemas/VisualStudio/TeamTest/2010">
  <TestSettings name="Local" id="4020f19f-e6bb-483b-9794-4586090393e2">
    <Description>These are default test settings for a local test run.</Description>
    <Deployment enabled="false" runDeploymentRoot="sgbier_IWS-W7HYBOJZRNW 2017-08-10 12_14_33">
      <DeploymentItem filename="C:\dotNet\Monopoly\Monopoly\Monopoly\bin\Debug\Monopoly.exe" />
    </Deployment>
    <Execution>
      <TestTypeSpecific />
      <AgentRule name="Execution Agents">
      </AgentRule>
    </Execution>
  </TestSettings>
  <Times creation="2017-08-10T12:14:33.9074528-04:00" queuing="2017-08-10T12:14:33.9634584-04:00" start="2017-08-10T12:14:33.9694590-04:00" finish="2017-08-10T12:14:34.1924813-04:00" />
  <ResultSummary outcome="Completed">
    <Counters total="1" executed="1" passed="1" error="0" failed="0" timeout="0" aborted="0" inconclusive="0" passedButRunAborted="0" notRunnable="0" notExecuted="0" disconnected="0" warning="0" completed="0" inProgress="0" pending="0" />
  </ResultSummary>
  <TestDefinitions>
    <UnitTest name="LandingOnIncomeTaxTest2" storage="c:\dotnet\monopoly\monopoly\monopolytest\bin\debug\monopolytest.dll" id="98531596-1c13-d5e6-db1a-5fa09c7a0a1d">
      <Execution id="1292eb02-e0cf-4fd1-acc6-eca3b66852d2" />
      <TestMethod codeBase="C:/dotNet/Monopoly/Monopoly/MonopolyTest/bin/Debug/MonopolyTest.DLL" adapterTypeName="Microsoft.VisualStudio.TestTools.TestTypes.Unit.UnitTestAdapter, Microsoft.VisualStudio.QualityTools.Tips.UnitTest.Adapter, Version=10.0.0.0, Culture=neutral, PublicKeyToken=b03f5f7f11d50a3a" className="MonopolyTest.LandingOnIncomeTaxTest, MonopolyTest, Version=1.0.0.0, Culture=neutral, PublicKeyToken=null" name="LandingOnIncomeTaxTest2" />
    </UnitTest>
  </TestDefinitions>
  <TestLists>
    <TestList name="Results Not in a List" id="8c84fa94-04c1-424b-9868-57a2d4851a1d" />
    <TestList name="All Loaded Results" id="19431567-8539-422a-85d7-44ee4e166bda" />
  </TestLists>
  <TestEntries>
    <TestEntry testId="98531596-1c13-d5e6-db1a-5fa09c7a0a1d" executionId="1292eb02-e0cf-4fd1-acc6-eca3b66852d2" testListId="8c84fa94-04c1-424b-9868-57a2d4851a1d" />
  </TestEntries>
  <Results>
    <UnitTestResult executionId="1292eb02-e0cf-4fd1-acc6-eca3b66852d2" testId="98531596-1c13-d5e6-db1a-5fa09c7a0a1d" testName="LandingOnIncomeTaxTest2" computerName="IWS-W7HYBOJZRNW" duration="00:00:00.0130561" startTime="2017-08-10T12:14:33.9754596-04:00" endTime="2017-08-10T12:14:34.1784799-04:00" testType="13cdc9d9-ddb5-4fa4-a97d-d965ccfc6d4b" outcome="Passed" testListId="8c84fa94-04c1-424b-9868-57a2d4851a1d" relativeResultsDirectory="1292eb02-e0cf-4fd1-acc6-eca3b66852d2">
    </UnitTestResult>
  </Results>
</TestRun>