<?xml version="1.0" encoding="UTF-8"?>
<TestRun id="a2b1ca34-1bfa-44de-8b39-f860b91d7f55" name="sgbier@IWS-W7HYBOJZRNW 2017-08-10 12:13:51" runUser="INTERNAL\sgbier" xmlns="http://microsoft.com/schemas/VisualStudio/TeamTest/2010">
  <TestSettings name="Local" id="4020f19f-e6bb-483b-9794-4586090393e2">
    <Description>These are default test settings for a local test run.</Description>
    <Deployment enabled="false" runDeploymentRoot="sgbier_IWS-W7HYBOJZRNW 2017-08-10 12_13_51">
      <DeploymentItem filename="C:\dotNet\Monopoly\Monopoly\Monopoly\bin\Debug\Monopoly.exe" />
    </Deployment>
    <Execution>
      <TestTypeSpecific />
      <AgentRule name="Execution Agents">
      </AgentRule>
    </Execution>
  </TestSettings>
  <Times creation="2017-08-10T12:13:51.4182043-04:00" queuing="2017-08-10T12:13:51.4752100-04:00" start="2017-08-10T12:13:51.4792104-04:00" finish="2017-08-10T12:13:51.7022327-04:00" />
  <ResultSummary outcome="Completed">
    <Counters total="1" executed="1" passed="1" error="0" failed="0" timeout="0" aborted="0" inconclusive="0" passedButRunAborted="0" notRunnable="0" notExecuted="0" disconnected="0" warning="0" completed="0" inProgress="0" pending="0" />
  </ResultSummary>
  <TestDefinitions>
    <UnitTest name="LandingOnIncomeTaxTest1" storage="c:\dotnet\monopoly\monopoly\monopolytest\bin\debug\monopolytest.dll" id="2b70e3fc-d96f-eaae-233e-3f30a4efc600">
      <Execution id="16cb7fae-90a7-41bb-a222-f39260507b67" />
      <TestMethod codeBase="C:/dotNet/Monopoly/Monopoly/MonopolyTest/bin/Debug/MonopolyTest.DLL" adapterTypeName="Microsoft.VisualStudio.TestTools.TestTypes.Unit.UnitTestAdapter, Microsoft.VisualStudio.QualityTools.Tips.UnitTest.Adapter, Version=10.0.0.0, Culture=neutral, PublicKeyToken=b03f5f7f11d50a3a" className="MonopolyTest.LandingOnIncomeTaxTest, MonopolyTest, Version=1.0.0.0, Culture=neutral, PublicKeyToken=null" name="LandingOnIncomeTaxTest1" />
    </UnitTest>
  </TestDefinitions>
  <TestLists>
    <TestList name="Results Not in a List" id="8c84fa94-04c1-424b-9868-57a2d4851a1d" />
    <TestList name="All Loaded Results" id="19431567-8539-422a-85d7-44ee4e166bda" />
  </TestLists>
  <TestEntries>
    <TestEntry testId="2b70e3fc-d96f-eaae-233e-3f30a4efc600" executionId="16cb7fae-90a7-41bb-a222-f39260507b67" testListId="8c84fa94-04c1-424b-9868-57a2d4851a1d" />
  </TestEntries>
  <Results>
    <UnitTestResult executionId="16cb7fae-90a7-41bb-a222-f39260507b67" testId="2b70e3fc-d96f-eaae-233e-3f30a4efc600" testName="LandingOnIncomeTaxTest1" computerName="IWS-W7HYBOJZRNW" duration="00:00:00.0131355" startTime="2017-08-10T12:13:51.4852110-04:00" endTime="2017-08-10T12:13:51.6882313-04:00" testType="13cdc9d9-ddb5-4fa4-a97d-d965ccfc6d4b" outcome="Passed" testListId="8c84fa94-04c1-424b-9868-57a2d4851a1d" relativeResultsDirectory="16cb7fae-90a7-41bb-a222-f39260507b67">
    </UnitTestResult>
  </Results>
</TestRun>