<?xml version="1.0" encoding="UTF-8"?>
<TestRun id="ce64c682-f0a8-43dc-b74f-ae73a523514a" name="sgbier@IWS-W7HYBOJZRNW 2017-08-10 12:23:59" runUser="INTERNAL\sgbier" xmlns="http://microsoft.com/schemas/VisualStudio/TeamTest/2010">
  <TestSettings name="Local" id="4020f19f-e6bb-483b-9794-4586090393e2">
    <Description>These are default test settings for a local test run.</Description>
    <Deployment enabled="false" runDeploymentRoot="sgbier_IWS-W7HYBOJZRNW 2017-08-10 12_23_59">
      <DeploymentItem filename="C:\dotNet\Monopoly\Monopoly\Monopoly\bin\Debug\Monopoly.exe" />
    </Deployment>
    <Execution>
      <TestTypeSpecific />
      <AgentRule name="Execution Agents">
      </AgentRule>
    </Execution>
  </TestSettings>
  <Times creation="2017-08-10T12:23:59.9260490-04:00" queuing="2017-08-10T12:23:59.9910555-04:00" start="2017-08-10T12:23:59.9990563-04:00" finish="2017-08-10T12:24:00.2270791-04:00" />
  <ResultSummary outcome="Completed">
    <Counters total="1" executed="1" passed="1" error="0" failed="0" timeout="0" aborted="0" inconclusive="0" passedButRunAborted="0" notRunnable="0" notExecuted="0" disconnected="0" warning="0" completed="0" inProgress="0" pending="0" />
  </ResultSummary>
  <TestDefinitions>
    <UnitTest name="LandingOnLuxuryTaxTest2" storage="c:\dotnet\monopoly\monopoly\monopolytest\bin\debug\monopolytest.dll" id="f05b2878-1a66-bf06-64b2-f297a3358436">
      <Execution id="0882378b-a6bb-4389-8085-09a5a545e1a0" />
      <TestMethod codeBase="C:/dotNet/Monopoly/Monopoly/MonopolyTest/bin/Debug/MonopolyTest.DLL" adapterTypeName="Microsoft.VisualStudio.TestTools.TestTypes.Unit.UnitTestAdapter, Microsoft.VisualStudio.QualityTools.Tips.UnitTest.Adapter, Version=10.0.0.0, Culture=neutral, PublicKeyToken=b03f5f7f11d50a3a" className="MonopolyTest.LandingOnLuxuryTaxTest, MonopolyTest, Version=1.0.0.0, Culture=neutral, PublicKeyToken=null" name="LandingOnLuxuryTaxTest2" />
    </UnitTest>
  </TestDefinitions>
  <TestLists>
    <TestList name="Results Not in a List" id="8c84fa94-04c1-424b-9868-57a2d4851a1d" />
    <TestList name="All Loaded Results" id="19431567-8539-422a-85d7-44ee4e166bda" />
  </TestLists>
  <TestEntries>
    <TestEntry testId="f05b2878-1a66-bf06-64b2-f297a3358436" executionId="0882378b-a6bb-4389-8085-09a5a545e1a0" testListId="8c84fa94-04c1-424b-9868-57a2d4851a1d" />
  </TestEntries>
  <Results>
    <UnitTestResult executionId="0882378b-a6bb-4389-8085-09a5a545e1a0" testId="f05b2878-1a66-bf06-64b2-f297a3358436" testName="LandingOnLuxuryTaxTest2" computerName="IWS-W7HYBOJZRNW" duration="00:00:00.0130271" startTime="2017-08-10T12:24:00.0070571-04:00" endTime="2017-08-10T12:24:00.2130777-04:00" testType="13cdc9d9-ddb5-4fa4-a97d-d965ccfc6d4b" outcome="Passed" testListId="8c84fa94-04c1-424b-9868-57a2d4851a1d" relativeResultsDirectory="0882378b-a6bb-4389-8085-09a5a545e1a0">
    </UnitTestResult>
  </Results>
</TestRun>